  [1m[35m (359.7ms)[0m  [1m[35mCREATE DATABASE "RedditClone_development" ENCODING = 'unicode'[0m
  [1m[35m (270.6ms)[0m  [1m[35mCREATE DATABASE "RedditClone_test" ENCODING = 'unicode'[0m
Started GET "/subs" for ::1 at 2020-11-09 18:48:59 -0800

ActiveRecord::PendingMigrationError - Migrations are pending. To resolve this issue, run:
        rails db:migrate RAILS_ENV=development:

Started POST "/__better_errors/443341e81728b65a/variables" for ::1 at 2020-11-09 18:49:00 -0800
  [1m[35m (8.7ms)[0m  [1m[35mCREATE TABLE "schema_migrations" ("version" character varying NOT NULL PRIMARY KEY)[0m
  [1m[35m (5.4ms)[0m  [1m[35mCREATE TABLE "ar_internal_metadata" ("key" character varying NOT NULL PRIMARY KEY, "value" character varying, "created_at" timestamp(6) NOT NULL, "updated_at" timestamp(6) NOT NULL)[0m
  [1m[35m (0.1ms)[0m  [1m[34mSELECT pg_try_advisory_lock(6711173107426626090)[0m
  [1m[35m (0.3ms)[0m  [1m[34mSELECT "schema_migrations"."version" FROM "schema_migrations" ORDER BY "schema_migrations"."version" ASC[0m
Migrating to CreateUsers (20201109173106)
  [1m[35m (0.8ms)[0m  [1m[35mBEGIN[0m
  [1m[35m (4.5ms)[0m  [1m[35mCREATE TABLE "users" ("id" bigserial primary key, "username" character varying NOT NULL, "password_digest" character varying NOT NULL, "session_token" character varying NOT NULL, "created_at" timestamp(6) NOT NULL, "updated_at" timestamp(6) NOT NULL)[0m
  [1m[35m (1.7ms)[0m  [1m[35mCREATE UNIQUE INDEX  "index_users_on_username" ON "users"  ("username")[0m
  [1m[35m (1.6ms)[0m  [1m[35mCREATE UNIQUE INDEX  "index_users_on_session_token" ON "users"  ("session_token")[0m
  [1m[36mprimary::SchemaMigration Create (0.3ms)[0m  [1m[32mINSERT INTO "schema_migrations" ("version") VALUES ($1) RETURNING "version"[0m  [["version", "20201109173106"]]
  [1m[35m (0.8ms)[0m  [1m[35mCOMMIT[0m
Migrating to CreateSubs (20201109181907)
  [1m[35m (0.2ms)[0m  [1m[35mBEGIN[0m
  [1m[35m (4.0ms)[0m  [1m[35mCREATE TABLE "subs" ("id" bigserial primary key, "title" character varying NOT NULL, "description" character varying, "moderator_id" integer NOT NULL, "created_at" timestamp(6) NOT NULL, "updated_at" timestamp(6) NOT NULL)[0m
  [1m[35m (1.6ms)[0m  [1m[35mCREATE  INDEX  "index_subs_on_moderator_id" ON "subs"  ("moderator_id")[0m
  [1m[36mprimary::SchemaMigration Create (0.2ms)[0m  [1m[32mINSERT INTO "schema_migrations" ("version") VALUES ($1) RETURNING "version"[0m  [["version", "20201109181907"]]
  [1m[35m (0.7ms)[0m  [1m[35mCOMMIT[0m
Migrating to CreatePosts (20201109183801)
  [1m[35m (0.2ms)[0m  [1m[35mBEGIN[0m
  [1m[35m (4.3ms)[0m  [1m[35mCREATE TABLE "posts" ("id" bigserial primary key, "title" character varying NOT NULL, "url" character varying, "content" text, "sub_id" integer NOT NULL, "created_at" timestamp(6) NOT NULL, "updated_at" timestamp(6) NOT NULL)[0m
  [1m[35m (2.0ms)[0m  [1m[35mCREATE  INDEX  "index_posts_on_sub_id" ON "posts"  ("sub_id")[0m
  [1m[36mprimary::SchemaMigration Create (0.3ms)[0m  [1m[32mINSERT INTO "schema_migrations" ("version") VALUES ($1) RETURNING "version"[0m  [["version", "20201109183801"]]
  [1m[35m (0.8ms)[0m  [1m[35mCOMMIT[0m
Migrating to AddAuthorIdPosts (20201109184647)
  [1m[35m (0.2ms)[0m  [1m[35mBEGIN[0m
  [1m[35m (0.2ms)[0m  [1m[35mALTER TABLE "posts" ADD "author_id" integer NOT NULL[0m
  [1m[35m (1.8ms)[0m  [1m[35mCREATE  INDEX  "index_posts_on_author_id" ON "posts"  ("author_id")[0m
  [1m[36mprimary::SchemaMigration Create (0.2ms)[0m  [1m[32mINSERT INTO "schema_migrations" ("version") VALUES ($1) RETURNING "version"[0m  [["version", "20201109184647"]]
  [1m[35m (0.8ms)[0m  [1m[35mCOMMIT[0m
Migrating to CreatePostSubs (20201109231424)
  [1m[35m (0.1ms)[0m  [1m[35mBEGIN[0m
  [1m[35m (2.5ms)[0m  [1m[35mCREATE TABLE "post_subs" ("id" bigserial primary key, "post_id" integer NOT NULL, "sub_id" integer NOT NULL, "created_at" timestamp(6) NOT NULL, "updated_at" timestamp(6) NOT NULL)[0m
  [1m[35m (1.9ms)[0m  [1m[35mCREATE UNIQUE INDEX  "index_post_subs_on_post_id_and_sub_id" ON "post_subs"  ("post_id", "sub_id")[0m
  [1m[35m (2.0ms)[0m  [1m[35mCREATE  INDEX  "index_post_subs_on_sub_id" ON "post_subs"  ("sub_id")[0m
  [1m[36mprimary::SchemaMigration Create (0.2ms)[0m  [1m[32mINSERT INTO "schema_migrations" ("version") VALUES ($1) RETURNING "version"[0m  [["version", "20201109231424"]]
  [1m[35m (0.8ms)[0m  [1m[35mCOMMIT[0m
Migrating to ChangePosts (20201110001915)
  [1m[35m (0.2ms)[0m  [1m[35mBEGIN[0m
  [1m[35m (0.5ms)[0m  [1m[35mALTER TABLE "posts" ALTER COLUMN "sub_id" TYPE integer, ALTER COLUMN "sub_id" DROP NOT NULL[0m
  [1m[36mprimary::SchemaMigration Create (0.2ms)[0m  [1m[32mINSERT INTO "schema_migrations" ("version") VALUES ($1) RETURNING "version"[0m  [["version", "20201110001915"]]
  [1m[35m (0.9ms)[0m  [1m[35mCOMMIT[0m
Migrating to CreateComments (20201110011109)
  [1m[35m (0.2ms)[0m  [1m[35mBEGIN[0m
  [1m[35m (4.5ms)[0m  [1m[35mCREATE TABLE "comments" ("id" bigserial primary key, "content" text NOT NULL, "author_id" integer NOT NULL, "post_id" integer NOT NULL, "created_at" timestamp(6) NOT NULL, "updated_at" timestamp(6) NOT NULL)[0m
  [1m[35m (2.8ms)[0m  [1m[35mCREATE  INDEX  "index_comments_on_author_id" ON "comments"  ("author_id")[0m
  [1m[35m (2.3ms)[0m  [1m[35mCREATE  INDEX  "index_comments_on_post_id" ON "comments"  ("post_id")[0m
  [1m[36mprimary::SchemaMigration Create (0.2ms)[0m  [1m[32mINSERT INTO "schema_migrations" ("version") VALUES ($1) RETURNING "version"[0m  [["version", "20201110011109"]]
  [1m[35m (1.0ms)[0m  [1m[35mCOMMIT[0m
Migrating to ChangeComments (20201110014955)
  [1m[35m (0.2ms)[0m  [1m[35mBEGIN[0m
  [1m[35m (0.3ms)[0m  [1m[35mALTER TABLE "comments" ADD "parent_comment_id" integer[0m
  [1m[35m (2.1ms)[0m  [1m[35mCREATE  INDEX  "index_comments_on_parent_comment_id" ON "comments"  ("parent_comment_id")[0m
  [1m[36mprimary::SchemaMigration Create (0.3ms)[0m  [1m[32mINSERT INTO "schema_migrations" ("version") VALUES ($1) RETURNING "version"[0m  [["version", "20201110014955"]]
  [1m[35m (1.1ms)[0m  [1m[35mCOMMIT[0m
  [1m[36mActiveRecord::InternalMetadata Load (0.2ms)[0m  [1m[34mSELECT "ar_internal_metadata".* FROM "ar_internal_metadata" WHERE "ar_internal_metadata"."key" = $1 LIMIT $2[0m  [["key", "environment"], ["LIMIT", 1]]
  [1m[35m (0.2ms)[0m  [1m[35mBEGIN[0m
  [1m[36mActiveRecord::InternalMetadata Create (0.4ms)[0m  [1m[32mINSERT INTO "ar_internal_metadata" ("key", "value", "created_at", "updated_at") VALUES ($1, $2, $3, $4) RETURNING "key"[0m  [["key", "environment"], ["value", "development"], ["created_at", "2020-11-10 02:49:15.579706"], ["updated_at", "2020-11-10 02:49:15.579706"]]
  [1m[35m (1.2ms)[0m  [1m[35mCOMMIT[0m
  [1m[35m (0.2ms)[0m  [1m[34mSELECT pg_advisory_unlock(6711173107426626090)[0m
  [1m[35m (0.4ms)[0m  [1m[34mSELECT "schema_migrations"."version" FROM "schema_migrations" ORDER BY "schema_migrations"."version" ASC[0m
Started GET "/subs" for 127.0.0.1 at 2020-11-09 18:49:35 -0800
  [1m[35m (0.4ms)[0m  [1m[34mSELECT "schema_migrations"."version" FROM "schema_migrations" ORDER BY "schema_migrations"."version" ASC[0m
Processing by SubsController#index as HTML
  Rendering subs/index.html.erb within layouts/application
  [1m[36mUser Load (0.3ms)[0m  [1m[34mSELECT "users".* FROM "users" WHERE "users"."session_token" IS NULL LIMIT $1[0m  [["LIMIT", 1]]
  ↳ app/controllers/application_controller.rb:6:in `current_user'
  [1m[36mSub Load (0.3ms)[0m  [1m[34mSELECT "subs".* FROM "subs"[0m
  ↳ app/views/subs/index.html.erb:17
  Rendered subs/index.html.erb within layouts/application (Duration: 22.7ms | Allocations: 6034)
[Webpacker] Compiling...
[Webpacker] Compilation failed:
/home/swonggzz/.rbenv/versions/2.5.1/lib/ruby/gems/2.5.0/gems/webpacker-4.3.0/lib/webpacker/runner.rb:13:in ``': No such file or directory - yarn (Errno::ENOENT)
	from /home/swonggzz/.rbenv/versions/2.5.1/lib/ruby/gems/2.5.0/gems/webpacker-4.3.0/lib/webpacker/runner.rb:13:in `initialize'
	from /home/swonggzz/.rbenv/versions/2.5.1/lib/ruby/gems/2.5.0/gems/webpacker-4.3.0/lib/webpacker/runner.rb:6:in `new'
	from /home/swonggzz/.rbenv/versions/2.5.1/lib/ruby/gems/2.5.0/gems/webpacker-4.3.0/lib/webpacker/runner.rb:6:in `run'
	from ./bin/webpack:17:in `block in <main>'
	from ./bin/webpack:16:in `chdir'
	from ./bin/webpack:16:in `<main>'

  [1m[36mCACHE User Load (0.0ms)[0m  [1m[34mSELECT "users".* FROM "users" WHERE "users"."session_token" IS NULL LIMIT $1[0m  [["LIMIT", 1]]
  ↳ app/controllers/application_controller.rb:6:in `current_user'
Completed 200 OK in 2463ms (Views: 2438.4ms | ActiveRecord: 2.6ms | Allocations: 75810)


Started GET "/session/new" for 127.0.0.1 at 2020-11-09 18:49:45 -0800
Processing by SessionsController#new as HTML
  Rendering sessions/new.html.erb within layouts/application
  Rendered sessions/new.html.erb within layouts/application (Duration: 2.7ms | Allocations: 199)
[Webpacker] Everything's up-to-date. Nothing to do
  [1m[36mUser Load (0.3ms)[0m  [1m[34mSELECT "users".* FROM "users" WHERE "users"."session_token" IS NULL LIMIT $1[0m  [["LIMIT", 1]]
  ↳ app/controllers/application_controller.rb:6:in `current_user'
Completed 200 OK in 152ms (Views: 151.5ms | ActiveRecord: 0.3ms | Allocations: 6443)


Started POST "/session" for 127.0.0.1 at 2020-11-09 18:49:58 -0800
Processing by SessionsController#create as HTML
  Parameters: {"authenticity_token"=>"622QQeCgnMmACsp5VpJTsFtye17tHakS7Ey+PsTOUKWlbAS1i6UMYlMaMoxko6A338zpwB7Nn2MMzAPnbmf7fw==", "user"=>{"username"=>"user23", "password"=>"[FILTERED]"}}
  [1m[36mUser Load (0.2ms)[0m  [1m[34mSELECT "users".* FROM "users" WHERE "users"."username" = $1 LIMIT $2[0m  [["username", "user23"], ["LIMIT", 1]]
  ↳ app/models/user.rb:41:in `find_by_credentials'
  Rendering sessions/new.html.erb within layouts/application
  Rendered sessions/new.html.erb within layouts/application (Duration: 0.2ms | Allocations: 53)
[Webpacker] Everything's up-to-date. Nothing to do
  [1m[36mUser Load (0.2ms)[0m  [1m[34mSELECT "users".* FROM "users" WHERE "users"."session_token" IS NULL LIMIT $1[0m  [["LIMIT", 1]]
  ↳ app/controllers/application_controller.rb:6:in `current_user'
Completed 200 OK in 160ms (Views: 157.3ms | ActiveRecord: 0.5ms | Allocations: 6510)


Started POST "/session" for 127.0.0.1 at 2020-11-09 18:50:03 -0800
Processing by SessionsController#create as HTML
  Parameters: {"authenticity_token"=>"bBtlTTigHW2NJo2Ly+GvOPODJpIIs0pZLzRVDlyQpEIiGvG5U6WNxl42dX750Fy/dz20DPtjfCjPtOjX9jkPmA==", "user"=>{"username"=>"user23", "password"=>"[FILTERED]"}}
  [1m[36mUser Load (0.2ms)[0m  [1m[34mSELECT "users".* FROM "users" WHERE "users"."username" = $1 LIMIT $2[0m  [["username", "user23"], ["LIMIT", 1]]
  ↳ app/models/user.rb:41:in `find_by_credentials'
  Rendering sessions/new.html.erb within layouts/application
  Rendered sessions/new.html.erb within layouts/application (Duration: 0.2ms | Allocations: 53)
[Webpacker] Everything's up-to-date. Nothing to do
  [1m[36mUser Load (0.2ms)[0m  [1m[34mSELECT "users".* FROM "users" WHERE "users"."session_token" IS NULL LIMIT $1[0m  [["LIMIT", 1]]
  ↳ app/controllers/application_controller.rb:6:in `current_user'
Completed 200 OK in 152ms (Views: 150.1ms | ActiveRecord: 0.4ms | Allocations: 6366)


Started GET "/users/new" for 127.0.0.1 at 2020-11-09 18:50:04 -0800
Processing by UsersController#new as HTML
  Rendering users/new.html.erb within layouts/application
  Rendered users/new.html.erb within layouts/application (Duration: 2.9ms | Allocations: 209)
[Webpacker] Everything's up-to-date. Nothing to do
  [1m[36mUser Load (0.2ms)[0m  [1m[34mSELECT "users".* FROM "users" WHERE "users"."session_token" IS NULL LIMIT $1[0m  [["LIMIT", 1]]
  ↳ app/controllers/application_controller.rb:6:in `current_user'
Completed 200 OK in 157ms (Views: 151.5ms | ActiveRecord: 1.6ms | Allocations: 10728)


Started POST "/users" for 127.0.0.1 at 2020-11-09 18:50:07 -0800
Processing by UsersController#create as HTML
  Parameters: {"authenticity_token"=>"M3XJHcTpkj52vS5CKB3RM/HcIYYLvVYTPKO0KWhlRaR9dF3pr+wClaWt1rcaLCK0dWKzGPhtYGLcIwnwwszufg==", "user"=>{"username"=>"user23", "password"=>"[FILTERED]"}}
  [1m[35m (0.2ms)[0m  [1m[35mBEGIN[0m
  ↳ app/controllers/users_controller.rb:21:in `create'
  [1m[36mUser Exists? (0.3ms)[0m  [1m[34mSELECT 1 AS one FROM "users" WHERE "users"."username" = $1 LIMIT $2[0m  [["username", "user23"], ["LIMIT", 1]]
  ↳ app/controllers/users_controller.rb:21:in `create'
  [1m[36mUser Exists? (0.3ms)[0m  [1m[34mSELECT 1 AS one FROM "users" WHERE "users"."session_token" = $1 LIMIT $2[0m  [["session_token", "MrLKDRccUwlB2rXaxSMZBA"], ["LIMIT", 1]]
  ↳ app/controllers/users_controller.rb:21:in `create'
  [1m[36mUser Create (0.5ms)[0m  [1m[32mINSERT INTO "users" ("username", "password_digest", "session_token", "created_at", "updated_at") VALUES ($1, $2, $3, $4, $5) RETURNING "id"[0m  [["username", "user23"], ["password_digest", "$2a$12$VWKOHQKHrx.dQMeQbE7g5.O6HR4BS4wHdyf.Eub/fQN5iKdYtucU."], ["session_token", "MrLKDRccUwlB2rXaxSMZBA"], ["created_at", "2020-11-10 02:50:08.031480"], ["updated_at", "2020-11-10 02:50:08.031480"]]
  ↳ app/controllers/users_controller.rb:21:in `create'
  [1m[35m (1.1ms)[0m  [1m[35mCOMMIT[0m
  ↳ app/controllers/users_controller.rb:21:in `create'
  [1m[35m (0.3ms)[0m  [1m[35mBEGIN[0m
  ↳ app/models/user.rb:60:in `reset_session_token!'
  [1m[36mUser Exists? (0.3ms)[0m  [1m[34mSELECT 1 AS one FROM "users" WHERE "users"."username" = $1 AND "users"."id" != $2 LIMIT $3[0m  [["username", "user23"], ["id", 1], ["LIMIT", 1]]
  ↳ app/models/user.rb:60:in `reset_session_token!'
  [1m[36mUser Exists? (0.3ms)[0m  [1m[34mSELECT 1 AS one FROM "users" WHERE "users"."session_token" = $1 AND "users"."id" != $2 LIMIT $3[0m  [["session_token", "5ZKqYj6fIl1if0Co4AR8Zg"], ["id", 1], ["LIMIT", 1]]
  ↳ app/models/user.rb:60:in `reset_session_token!'
  [1m[36mUser Update (0.3ms)[0m  [1m[33mUPDATE "users" SET "session_token" = $1, "updated_at" = $2 WHERE "users"."id" = $3[0m  [["session_token", "5ZKqYj6fIl1if0Co4AR8Zg"], ["updated_at", "2020-11-10 02:50:08.040835"], ["id", 1]]
  ↳ app/models/user.rb:60:in `reset_session_token!'
  [1m[35m (1.0ms)[0m  [1m[35mCOMMIT[0m
  ↳ app/models/user.rb:60:in `reset_session_token!'
Redirected to http://localhost:3000/users
Completed 302 Found in 185ms (ActiveRecord: 4.5ms | Allocations: 10445)


Started GET "/users" for 127.0.0.1 at 2020-11-09 18:50:08 -0800
Processing by UsersController#index as HTML
  [1m[36mUser Load (0.2ms)[0m  [1m[34mSELECT "users".* FROM "users" WHERE "users"."session_token" = $1 LIMIT $2[0m  [["session_token", "5ZKqYj6fIl1if0Co4AR8Zg"], ["LIMIT", 1]]
  ↳ app/controllers/application_controller.rb:6:in `current_user'
  Rendering users/index.html.erb within layouts/application
  [1m[36mUser Load (0.2ms)[0m  [1m[34mSELECT "users".* FROM "users"[0m
  ↳ app/views/users/index.html.erb:4
  Rendered users/index.html.erb within layouts/application (Duration: 4.1ms | Allocations: 873)
[Webpacker] Everything's up-to-date. Nothing to do
Completed 200 OK in 148ms (Views: 146.1ms | ActiveRecord: 0.4ms | Allocations: 6660)


Started GET "/users/1" for 127.0.0.1 at 2020-11-09 18:50:12 -0800
Processing by UsersController#show as HTML
  Parameters: {"id"=>"1"}
  [1m[36mUser Load (0.2ms)[0m  [1m[34mSELECT "users".* FROM "users" WHERE "users"."session_token" = $1 LIMIT $2[0m  [["session_token", "5ZKqYj6fIl1if0Co4AR8Zg"], ["LIMIT", 1]]
  ↳ app/controllers/application_controller.rb:6:in `current_user'
  [1m[36mUser Load (0.2ms)[0m  [1m[34mSELECT "users".* FROM "users" WHERE "users"."id" = $1 LIMIT $2[0m  [["id", 1], ["LIMIT", 1]]
  ↳ app/controllers/users_controller.rb:10:in `show'
  Rendering users/show.html.erb within layouts/application
  Rendered users/show.html.erb within layouts/application (Duration: 2.1ms | Allocations: 107)
[Webpacker] Everything's up-to-date. Nothing to do
Completed 200 OK in 147ms (Views: 143.8ms | ActiveRecord: 0.4ms | Allocations: 6488)


Started GET "/subs" for ::1 at 2020-11-09 18:54:45 -0800
Processing by SubsController#index as HTML
  Rendering subs/index.html.erb within layouts/application
  [1m[36mUser Load (0.3ms)[0m  [1m[34mSELECT "users".* FROM "users" WHERE "users"."session_token" = $1 LIMIT $2[0m  [["session_token", "5ZKqYj6fIl1if0Co4AR8Zg"], ["LIMIT", 1]]
  ↳ app/controllers/application_controller.rb:6:in `current_user'
  [1m[36mSub Load (0.2ms)[0m  [1m[34mSELECT "subs".* FROM "subs"[0m
  ↳ app/views/subs/index.html.erb:17
  Rendered subs/index.html.erb within layouts/application (Duration: 3.1ms | Allocations: 1406)
[Webpacker] Everything's up-to-date. Nothing to do
Completed 200 OK in 145ms (Views: 144.1ms | ActiveRecord: 0.5ms | Allocations: 6315)


  [1m[35m (0.3ms)[0m  [1m[34mSELECT "schema_migrations"."version" FROM "schema_migrations" ORDER BY "schema_migrations"."version" ASC[0m
  [1m[36mUser Destroy (2.9ms)[0m  [1m[31mDELETE FROM "users"[0m
  [1m[36mSub Destroy (0.3ms)[0m  [1m[31mDELETE FROM "subs"[0m
  [1m[35m (0.2ms)[0m  [1m[35mBEGIN[0m
  [1m[36mUser Exists? (0.4ms)[0m  [1m[34mSELECT 1 AS one FROM "users" WHERE "users"."username" = $1 LIMIT $2[0m  [["username", "Brooke"], ["LIMIT", 1]]
  [1m[36mUser Exists? (0.3ms)[0m  [1m[34mSELECT 1 AS one FROM "users" WHERE "users"."session_token" = $1 LIMIT $2[0m  [["session_token", "i_vbXhtQLmoBtDB3bsraBg"], ["LIMIT", 1]]
  [1m[36mUser Create (0.3ms)[0m  [1m[32mINSERT INTO "users" ("username", "password_digest", "session_token", "created_at", "updated_at") VALUES ($1, $2, $3, $4, $5) RETURNING "id"[0m  [["username", "Brooke"], ["password_digest", "$2a$12$RnA6iuXsUFDxUTGFFENVxO.1/9LePLBt5EZFLEBrh2vssAF6wlAxG"], ["session_token", "i_vbXhtQLmoBtDB3bsraBg"], ["created_at", "2020-11-10 02:56:00.493628"], ["updated_at", "2020-11-10 02:56:00.493628"]]
  [1m[35m (1.2ms)[0m  [1m[35mCOMMIT[0m
  [1m[35m (0.2ms)[0m  [1m[35mBEGIN[0m
  [1m[36mUser Exists? (0.3ms)[0m  [1m[34mSELECT 1 AS one FROM "users" WHERE "users"."username" = $1 LIMIT $2[0m  [["username", "Claire"], ["LIMIT", 1]]
  [1m[36mUser Exists? (0.2ms)[0m  [1m[34mSELECT 1 AS one FROM "users" WHERE "users"."session_token" = $1 LIMIT $2[0m  [["session_token", "V3FlWq-FVw20v_ze-f9Y-A"], ["LIMIT", 1]]
  [1m[36mUser Create (0.2ms)[0m  [1m[32mINSERT INTO "users" ("username", "password_digest", "session_token", "created_at", "updated_at") VALUES ($1, $2, $3, $4, $5) RETURNING "id"[0m  [["username", "Claire"], ["password_digest", "$2a$12$MHx0iRVI3D40prNrEtKwC.EFkTW1ZyepyBFak.a.5M4gTsUfHhOJS"], ["session_token", "V3FlWq-FVw20v_ze-f9Y-A"], ["created_at", "2020-11-10 02:56:00.666097"], ["updated_at", "2020-11-10 02:56:00.666097"]]
  [1m[35m (1.2ms)[0m  [1m[35mCOMMIT[0m
  [1m[35m (0.2ms)[0m  [1m[35mBEGIN[0m
  [1m[36mUser Exists? (0.3ms)[0m  [1m[34mSELECT 1 AS one FROM "users" WHERE "users"."username" = $1 LIMIT $2[0m  [["username", "Scott"], ["LIMIT", 1]]
  [1m[36mUser Exists? (0.2ms)[0m  [1m[34mSELECT 1 AS one FROM "users" WHERE "users"."session_token" = $1 LIMIT $2[0m  [["session_token", "mHuTEuZOWDDgPRDn_YNqBQ"], ["LIMIT", 1]]
  [1m[36mUser Create (0.2ms)[0m  [1m[32mINSERT INTO "users" ("username", "password_digest", "session_token", "created_at", "updated_at") VALUES ($1, $2, $3, $4, $5) RETURNING "id"[0m  [["username", "Scott"], ["password_digest", "$2a$12$6/3jmEnCuhIgdnliqyEt2.ImqN62PjRl4mpIzZ1IksDPALBEG3mbG"], ["session_token", "mHuTEuZOWDDgPRDn_YNqBQ"], ["created_at", "2020-11-10 02:56:00.841232"], ["updated_at", "2020-11-10 02:56:00.841232"]]
  [1m[35m (1.2ms)[0m  [1m[35mCOMMIT[0m
  [1m[35m (0.2ms)[0m  [1m[35mBEGIN[0m
  [1m[36mUser Exists? (0.3ms)[0m  [1m[34mSELECT 1 AS one FROM "users" WHERE "users"."username" = $1 LIMIT $2[0m  [["username", "Quinn"], ["LIMIT", 1]]
  [1m[36mUser Exists? (0.2ms)[0m  [1m[34mSELECT 1 AS one FROM "users" WHERE "users"."session_token" = $1 LIMIT $2[0m  [["session_token", "9-xYzWP3tote6cPFXhrP2A"], ["LIMIT", 1]]
  [1m[36mUser Create (0.3ms)[0m  [1m[32mINSERT INTO "users" ("username", "password_digest", "session_token", "created_at", "updated_at") VALUES ($1, $2, $3, $4, $5) RETURNING "id"[0m  [["username", "Quinn"], ["password_digest", "$2a$12$EzY.gz93Cvxy0ihUzVzD0utKmV3.QCHirC8pgRWDRyeJ73WLeRV1."], ["session_token", "9-xYzWP3tote6cPFXhrP2A"], ["created_at", "2020-11-10 02:56:01.016117"], ["updated_at", "2020-11-10 02:56:01.016117"]]
  [1m[35m (0.8ms)[0m  [1m[35mCOMMIT[0m
  [1m[35m (0.2ms)[0m  [1m[35mBEGIN[0m
  [1m[36mUser Load (0.2ms)[0m  [1m[34mSELECT "users".* FROM "users" WHERE "users"."id" = $1 LIMIT $2[0m  [["id", 3], ["LIMIT", 1]]
  [1m[36mSub Create (0.4ms)[0m  [1m[32mINSERT INTO "subs" ("title", "description", "moderator_id", "created_at", "updated_at") VALUES ($1, $2, $3, $4, $5) RETURNING "id"[0m  [["title", "App Academy Drama"], ["description", "Staff Secrets"], ["moderator_id", 3], ["created_at", "2020-11-10 02:56:01.030303"], ["updated_at", "2020-11-10 02:56:01.030303"]]
  [1m[35m (1.0ms)[0m  [1m[35mCOMMIT[0m
  [1m[35m (0.1ms)[0m  [1m[35mBEGIN[0m
  [1m[36mUser Load (0.2ms)[0m  [1m[34mSELECT "users".* FROM "users" WHERE "users"."id" = $1 LIMIT $2[0m  [["id", 4], ["LIMIT", 1]]
  [1m[36mSub Create (0.3ms)[0m  [1m[32mINSERT INTO "subs" ("title", "description", "moderator_id", "created_at", "updated_at") VALUES ($1, $2, $3, $4, $5) RETURNING "id"[0m  [["title", "Dogs"], ["description", "Worse than cats (TM)"], ["moderator_id", 4], ["created_at", "2020-11-10 02:56:01.036092"], ["updated_at", "2020-11-10 02:56:01.036092"]]
  [1m[35m (0.9ms)[0m  [1m[35mCOMMIT[0m
  [1m[35m (0.2ms)[0m  [1m[35mBEGIN[0m
  [1m[36mUser Load (0.2ms)[0m  [1m[34mSELECT "users".* FROM "users" WHERE "users"."id" = $1 LIMIT $2[0m  [["id", 5], ["LIMIT", 1]]
  [1m[36mSub Create (0.2ms)[0m  [1m[32mINSERT INTO "subs" ("title", "description", "moderator_id", "created_at", "updated_at") VALUES ($1, $2, $3, $4, $5) RETURNING "id"[0m  [["title", "Food"], ["description", "Always hungry."], ["moderator_id", 5], ["created_at", "2020-11-10 02:56:01.041393"], ["updated_at", "2020-11-10 02:56:01.041393"]]
  [1m[35m (1.0ms)[0m  [1m[35mCOMMIT[0m
Started GET "/users" for ::1 at 2020-11-09 18:56:09 -0800
  [1m[35m (0.3ms)[0m  [1m[34mSELECT "schema_migrations"."version" FROM "schema_migrations" ORDER BY "schema_migrations"."version" ASC[0m
Processing by UsersController#index as HTML
  [1m[36mUser Load (0.2ms)[0m  [1m[34mSELECT "users".* FROM "users" WHERE "users"."session_token" = $1 LIMIT $2[0m  [["session_token", "5ZKqYj6fIl1if0Co4AR8Zg"], ["LIMIT", 1]]
  ↳ app/controllers/application_controller.rb:6:in `current_user'
Redirected to http://localhost:3000/session/new
Filter chain halted as :require_logged_in rendered or redirected
Completed 302 Found in 25ms (ActiveRecord: 1.4ms | Allocations: 6338)


Started GET "/session/new" for ::1 at 2020-11-09 18:56:09 -0800
Processing by SessionsController#new as HTML
  Rendering sessions/new.html.erb within layouts/application
  Rendered sessions/new.html.erb within layouts/application (Duration: 3.3ms | Allocations: 486)
[Webpacker] Everything's up-to-date. Nothing to do
  [1m[36mUser Load (0.2ms)[0m  [1m[34mSELECT "users".* FROM "users" WHERE "users"."session_token" = $1 LIMIT $2[0m  [["session_token", "5ZKqYj6fIl1if0Co4AR8Zg"], ["LIMIT", 1]]
  ↳ app/controllers/application_controller.rb:6:in `current_user'
Completed 200 OK in 365ms (Views: 363.9ms | ActiveRecord: 0.2ms | Allocations: 12051)


Started GET "/session/new" for ::1 at 2020-11-09 18:56:11 -0800
Processing by SessionsController#new as HTML
  Rendering sessions/new.html.erb within layouts/application
  Rendered sessions/new.html.erb within layouts/application (Duration: 0.1ms | Allocations: 58)
[Webpacker] Everything's up-to-date. Nothing to do
  [1m[36mUser Load (0.3ms)[0m  [1m[34mSELECT "users".* FROM "users" WHERE "users"."session_token" = $1 LIMIT $2[0m  [["session_token", "5ZKqYj6fIl1if0Co4AR8Zg"], ["LIMIT", 1]]
  ↳ app/controllers/application_controller.rb:6:in `current_user'
Completed 200 OK in 150ms (Views: 148.9ms | ActiveRecord: 0.3ms | Allocations: 5584)


Started GET "/users/new" for ::1 at 2020-11-09 18:56:13 -0800
Processing by UsersController#new as HTML
  Rendering users/new.html.erb within layouts/application
  Rendered users/new.html.erb within layouts/application (Duration: 2.3ms | Allocations: 212)
[Webpacker] Everything's up-to-date. Nothing to do
  [1m[36mUser Load (0.2ms)[0m  [1m[34mSELECT "users".* FROM "users" WHERE "users"."session_token" = $1 LIMIT $2[0m  [["session_token", "5ZKqYj6fIl1if0Co4AR8Zg"], ["LIMIT", 1]]
  ↳ app/controllers/application_controller.rb:6:in `current_user'
Completed 200 OK in 153ms (Views: 147.1ms | ActiveRecord: 1.8ms | Allocations: 10590)


Started POST "/users" for ::1 at 2020-11-09 18:56:17 -0800
Processing by UsersController#create as HTML
  Parameters: {"authenticity_token"=>"Hs7SHlFqEggv5QfYYjAsh3B5rmrwUeYY6drCYDQb+LRQz0bqOm+Co/z1/y1QAd8A9Mc89AOB0GkJWn+5nrJTbg==", "user"=>{"username"=>"user23", "password"=>"[FILTERED]"}}
  [1m[35m (0.2ms)[0m  [1m[35mBEGIN[0m
  ↳ app/controllers/users_controller.rb:21:in `create'
  [1m[36mUser Exists? (0.5ms)[0m  [1m[34mSELECT 1 AS one FROM "users" WHERE "users"."username" = $1 LIMIT $2[0m  [["username", "user23"], ["LIMIT", 1]]
  ↳ app/controllers/users_controller.rb:21:in `create'
  [1m[36mUser Exists? (0.3ms)[0m  [1m[34mSELECT 1 AS one FROM "users" WHERE "users"."session_token" = $1 LIMIT $2[0m  [["session_token", "bZ4Hrm12TJ9kOFkRxPnhow"], ["LIMIT", 1]]
  ↳ app/controllers/users_controller.rb:21:in `create'
  [1m[36mUser Create (0.4ms)[0m  [1m[32mINSERT INTO "users" ("username", "password_digest", "session_token", "created_at", "updated_at") VALUES ($1, $2, $3, $4, $5) RETURNING "id"[0m  [["username", "user23"], ["password_digest", "$2a$12$Ht.BM7rqdAAR/cCn06Zj5ueDU6bOpj0H/O4eTEw0NrWNGy/H/y.q2"], ["session_token", "bZ4Hrm12TJ9kOFkRxPnhow"], ["created_at", "2020-11-10 02:56:17.872255"], ["updated_at", "2020-11-10 02:56:17.872255"]]
  ↳ app/controllers/users_controller.rb:21:in `create'
  [1m[35m (1.1ms)[0m  [1m[35mCOMMIT[0m
  ↳ app/controllers/users_controller.rb:21:in `create'
  [1m[35m (0.1ms)[0m  [1m[35mBEGIN[0m
  ↳ app/models/user.rb:60:in `reset_session_token!'
  [1m[36mUser Exists? (0.3ms)[0m  [1m[34mSELECT 1 AS one FROM "users" WHERE "users"."username" = $1 AND "users"."id" != $2 LIMIT $3[0m  [["username", "user23"], ["id", 6], ["LIMIT", 1]]
  ↳ app/models/user.rb:60:in `reset_session_token!'
  [1m[36mUser Exists? (0.2ms)[0m  [1m[34mSELECT 1 AS one FROM "users" WHERE "users"."session_token" = $1 AND "users"."id" != $2 LIMIT $3[0m  [["session_token", "uT5cAf_7KEPxye2zuzKMzA"], ["id", 6], ["LIMIT", 1]]
  ↳ app/models/user.rb:60:in `reset_session_token!'
  [1m[36mUser Update (0.3ms)[0m  [1m[33mUPDATE "users" SET "session_token" = $1, "updated_at" = $2 WHERE "users"."id" = $3[0m  [["session_token", "uT5cAf_7KEPxye2zuzKMzA"], ["updated_at", "2020-11-10 02:56:17.880562"], ["id", 6]]
  ↳ app/models/user.rb:60:in `reset_session_token!'
  [1m[35m (0.9ms)[0m  [1m[35mCOMMIT[0m
  ↳ app/models/user.rb:60:in `reset_session_token!'
Redirected to http://localhost:3000/users
Completed 302 Found in 186ms (ActiveRecord: 4.3ms | Allocations: 10480)


Started GET "/users" for ::1 at 2020-11-09 18:56:17 -0800
Processing by UsersController#index as HTML
  [1m[36mUser Load (0.2ms)[0m  [1m[34mSELECT "users".* FROM "users" WHERE "users"."session_token" = $1 LIMIT $2[0m  [["session_token", "uT5cAf_7KEPxye2zuzKMzA"], ["LIMIT", 1]]
  ↳ app/controllers/application_controller.rb:6:in `current_user'
  Rendering users/index.html.erb within layouts/application
  [1m[36mUser Load (0.2ms)[0m  [1m[34mSELECT "users".* FROM "users"[0m
  ↳ app/views/users/index.html.erb:4
  Rendered users/index.html.erb within layouts/application (Duration: 4.7ms | Allocations: 1105)
[Webpacker] Everything's up-to-date. Nothing to do
Completed 200 OK in 156ms (Views: 154.4ms | ActiveRecord: 0.5ms | Allocations: 6774)


Started GET "/users/3" for ::1 at 2020-11-09 18:56:20 -0800
Processing by UsersController#show as HTML
  Parameters: {"id"=>"3"}
  [1m[36mUser Load (0.2ms)[0m  [1m[34mSELECT "users".* FROM "users" WHERE "users"."session_token" = $1 LIMIT $2[0m  [["session_token", "uT5cAf_7KEPxye2zuzKMzA"], ["LIMIT", 1]]
  ↳ app/controllers/application_controller.rb:6:in `current_user'
  [1m[36mUser Load (0.2ms)[0m  [1m[34mSELECT "users".* FROM "users" WHERE "users"."id" = $1 LIMIT $2[0m  [["id", 3], ["LIMIT", 1]]
  ↳ app/controllers/users_controller.rb:10:in `show'
  Rendering users/show.html.erb within layouts/application
  Rendered users/show.html.erb within layouts/application (Duration: 2.4ms | Allocations: 108)
[Webpacker] Everything's up-to-date. Nothing to do
Completed 200 OK in 148ms (Views: 144.9ms | ActiveRecord: 0.4ms | Allocations: 6509)


Started GET "/users/4" for ::1 at 2020-11-09 18:56:23 -0800
Processing by UsersController#show as HTML
  Parameters: {"id"=>"4"}
  [1m[36mUser Load (0.2ms)[0m  [1m[34mSELECT "users".* FROM "users" WHERE "users"."session_token" = $1 LIMIT $2[0m  [["session_token", "uT5cAf_7KEPxye2zuzKMzA"], ["LIMIT", 1]]
  ↳ app/controllers/application_controller.rb:6:in `current_user'
  [1m[36mUser Load (0.2ms)[0m  [1m[34mSELECT "users".* FROM "users" WHERE "users"."id" = $1 LIMIT $2[0m  [["id", 4], ["LIMIT", 1]]
  ↳ app/controllers/users_controller.rb:10:in `show'
  Rendering users/show.html.erb within layouts/application
  Rendered users/show.html.erb within layouts/application (Duration: 0.0ms | Allocations: 7)
[Webpacker] Everything's up-to-date. Nothing to do
Completed 200 OK in 144ms (Views: 140.9ms | ActiveRecord: 0.5ms | Allocations: 6117)


Started GET "/users/4" for ::1 at 2020-11-09 18:56:26 -0800
Processing by UsersController#show as HTML
  Parameters: {"id"=>"4"}
  [1m[36mUser Load (0.3ms)[0m  [1m[34mSELECT "users".* FROM "users" WHERE "users"."session_token" = $1 LIMIT $2[0m  [["session_token", "uT5cAf_7KEPxye2zuzKMzA"], ["LIMIT", 1]]
  ↳ app/controllers/application_controller.rb:6:in `current_user'
  [1m[36mUser Load (0.3ms)[0m  [1m[34mSELECT "users".* FROM "users" WHERE "users"."id" = $1 LIMIT $2[0m  [["id", 4], ["LIMIT", 1]]
  ↳ app/controllers/users_controller.rb:10:in `show'
  Rendering users/show.html.erb within layouts/application
  Rendered users/show.html.erb within layouts/application (Duration: 0.0ms | Allocations: 7)
[Webpacker] Everything's up-to-date. Nothing to do
Completed 200 OK in 152ms (Views: 148.2ms | ActiveRecord: 0.5ms | Allocations: 6116)


Started GET "/subs" for ::1 at 2020-11-09 18:56:47 -0800
Processing by SubsController#index as HTML
  Rendering subs/index.html.erb within layouts/application
  [1m[36mUser Load (0.2ms)[0m  [1m[34mSELECT "users".* FROM "users" WHERE "users"."session_token" = $1 LIMIT $2[0m  [["session_token", "uT5cAf_7KEPxye2zuzKMzA"], ["LIMIT", 1]]
  ↳ app/controllers/application_controller.rb:6:in `current_user'
  [1m[36mSub Load (0.3ms)[0m  [1m[34mSELECT "subs".* FROM "subs"[0m
  ↳ app/views/subs/index.html.erb:17
  Rendered subs/index.html.erb within layouts/application (Duration: 11.0ms | Allocations: 6178)
[Webpacker] Everything's up-to-date. Nothing to do
Completed 200 OK in 170ms (Views: 156.0ms | ActiveRecord: 2.4ms | Allocations: 14048)


Started GET "/subs/1" for ::1 at 2020-11-09 18:56:50 -0800
Processing by SubsController#show as HTML
  Parameters: {"id"=>"1"}
  [1m[36mSub Load (0.2ms)[0m  [1m[34mSELECT "subs".* FROM "subs" WHERE "subs"."id" = $1 LIMIT $2[0m  [["id", 1], ["LIMIT", 1]]
  ↳ app/controllers/subs_controller.rb:32:in `show'
  Rendering subs/show.html.erb within layouts/application
  [1m[36mUser Load (0.2ms)[0m  [1m[34mSELECT "users".* FROM "users" WHERE "users"."session_token" = $1 LIMIT $2[0m  [["session_token", "uT5cAf_7KEPxye2zuzKMzA"], ["LIMIT", 1]]
  ↳ app/controllers/application_controller.rb:6:in `current_user'
  [1m[36mUser Load (0.3ms)[0m  [1m[34mSELECT "users".* FROM "users" WHERE "users"."id" = $1 LIMIT $2[0m  [["id", 3], ["LIMIT", 1]]
  ↳ app/views/subs/show.html.erb:12
  [1m[36mPost Load (0.5ms)[0m  [1m[34mSELECT "posts".* FROM "posts" INNER JOIN "post_subs" ON "posts"."id" = "post_subs"."post_id" WHERE "post_subs"."sub_id" = $1[0m  [["sub_id", 1]]
  ↳ app/views/subs/show.html.erb:18
  Rendered subs/show.html.erb within layouts/application (Duration: 39.0ms | Allocations: 20872)
[Webpacker] Everything's up-to-date. Nothing to do
Completed 200 OK in 185ms (Views: 179.9ms | ActiveRecord: 3.4ms | Allocations: 26517)


Started GET "/subs" for ::1 at 2020-11-09 18:56:54 -0800
Processing by SubsController#index as HTML
  Rendering subs/index.html.erb within layouts/application
  [1m[36mUser Load (0.2ms)[0m  [1m[34mSELECT "users".* FROM "users" WHERE "users"."session_token" = $1 LIMIT $2[0m  [["session_token", "uT5cAf_7KEPxye2zuzKMzA"], ["LIMIT", 1]]
  ↳ app/controllers/application_controller.rb:6:in `current_user'
  [1m[36mSub Load (0.2ms)[0m  [1m[34mSELECT "subs".* FROM "subs"[0m
  ↳ app/views/subs/index.html.erb:17
  Rendered subs/index.html.erb within layouts/application (Duration: 2.6ms | Allocations: 1522)
[Webpacker] Everything's up-to-date. Nothing to do
Completed 200 OK in 145ms (Views: 144.4ms | ActiveRecord: 0.4ms | Allocations: 6414)


Started GET "/subs/new?authenticity_token=PJg%2B7cNhNNeaLyFxgymv5ZmqtCV6AiFElqRwpxR3PqFymaoZqGSkfEk%2F2YSxGFxiHRQmu4nSFzV2JM1%2Bvt6Vew%3D%3D" for ::1 at 2020-11-09 18:56:55 -0800
Processing by SubsController#new as HTML
  Parameters: {"authenticity_token"=>"PJg+7cNhNNeaLyFxgymv5ZmqtCV6AiFElqRwpxR3PqFymaoZqGSkfEk/2YSxGFxiHRQmu4nSFzV2JM1+vt6Vew=="}
  [1m[36mUser Load (0.2ms)[0m  [1m[34mSELECT "users".* FROM "users" WHERE "users"."session_token" = $1 LIMIT $2[0m  [["session_token", "uT5cAf_7KEPxye2zuzKMzA"], ["LIMIT", 1]]
  ↳ app/controllers/application_controller.rb:6:in `current_user'
  Rendering subs/new.html.erb within layouts/application
  Rendered subs/new.html.erb within layouts/application (Duration: 2.7ms | Allocations: 194)
[Webpacker] Everything's up-to-date. Nothing to do
Completed 200 OK in 150ms (Views: 148.0ms | ActiveRecord: 0.2ms | Allocations: 5845)


Started POST "/subs" for ::1 at 2020-11-09 18:56:59 -0800
Processing by SubsController#create as HTML
  Parameters: {"authenticity_token"=>"fq+ow5xvMKjKLivOgm7j88cPd0RnNaIqZXOt/YD2A9cwrjw392qgAxk+0zuwXxB0Q7Hl2pTllFuF8xAkKl+oDQ==", "sub"=>{"title"=>"yummy sub", "description"=>"very yummy"}}
  [1m[36mUser Load (0.2ms)[0m  [1m[34mSELECT "users".* FROM "users" WHERE "users"."session_token" = $1 LIMIT $2[0m  [["session_token", "uT5cAf_7KEPxye2zuzKMzA"], ["LIMIT", 1]]
  ↳ app/controllers/application_controller.rb:6:in `current_user'
  [1m[35m (0.1ms)[0m  [1m[35mBEGIN[0m
  ↳ app/controllers/subs_controller.rb:45:in `create'
  [1m[36mUser Load (0.2ms)[0m  [1m[34mSELECT "users".* FROM "users" WHERE "users"."id" = $1 LIMIT $2[0m  [["id", 6], ["LIMIT", 1]]
  ↳ app/controllers/subs_controller.rb:45:in `create'
  [1m[36mSub Create (0.3ms)[0m  [1m[32mINSERT INTO "subs" ("title", "description", "moderator_id", "created_at", "updated_at") VALUES ($1, $2, $3, $4, $5) RETURNING "id"[0m  [["title", "yummy sub"], ["description", "very yummy"], ["moderator_id", 6], ["created_at", "2020-11-10 02:56:59.723153"], ["updated_at", "2020-11-10 02:56:59.723153"]]
  ↳ app/controllers/subs_controller.rb:45:in `create'
  [1m[35m (0.8ms)[0m  [1m[35mCOMMIT[0m
  ↳ app/controllers/subs_controller.rb:45:in `create'
Redirected to http://localhost:3000/subs
Completed 302 Found in 8ms (ActiveRecord: 1.6ms | Allocations: 4982)


Started GET "/subs" for ::1 at 2020-11-09 18:56:59 -0800
Processing by SubsController#index as HTML
  Rendering subs/index.html.erb within layouts/application
  [1m[36mUser Load (0.2ms)[0m  [1m[34mSELECT "users".* FROM "users" WHERE "users"."session_token" = $1 LIMIT $2[0m  [["session_token", "uT5cAf_7KEPxye2zuzKMzA"], ["LIMIT", 1]]
  ↳ app/controllers/application_controller.rb:6:in `current_user'
  [1m[36mSub Load (0.2ms)[0m  [1m[34mSELECT "subs".* FROM "subs"[0m
  ↳ app/views/subs/index.html.erb:17
  Rendered subs/index.html.erb within layouts/application (Duration: 2.6ms | Allocations: 1567)
[Webpacker] Everything's up-to-date. Nothing to do
Completed 200 OK in 139ms (Views: 138.2ms | ActiveRecord: 0.4ms | Allocations: 6467)


Started GET "/posts/new?authenticity_token=aeCvnqUGGtpb%2FbBHIGiJjSKksTP6ZoUreidhjbWjo6Mn4TtqzgOKcYjtSLISWXoKphojrQm2s1qap9xUHwoIeQ%3D%3D" for ::1 at 2020-11-09 18:57:03 -0800
Processing by PostsController#new as HTML
  Parameters: {"authenticity_token"=>"aeCvnqUGGtpb/bBHIGiJjSKksTP6ZoUreidhjbWjo6Mn4TtqzgOKcYjtSLISWXoKphojrQm2s1qap9xUHwoIeQ=="}
  [1m[36mUser Load (0.2ms)[0m  [1m[34mSELECT "users".* FROM "users" WHERE "users"."session_token" = $1 LIMIT $2[0m  [["session_token", "uT5cAf_7KEPxye2zuzKMzA"], ["LIMIT", 1]]
  ↳ app/controllers/application_controller.rb:6:in `current_user'
  Rendering posts/new.html.erb within layouts/application
  [1m[36mSub Load (0.3ms)[0m  [1m[34mSELECT "subs".* FROM "subs"[0m
  ↳ app/views/posts/new.html.erb:19
  Rendered posts/new.html.erb within layouts/application (Duration: 3.9ms | Allocations: 1014)
[Webpacker] Everything's up-to-date. Nothing to do
Completed 200 OK in 151ms (Views: 144.8ms | ActiveRecord: 0.5ms | Allocations: 12531)


Started POST "/posts" for ::1 at 2020-11-09 18:57:17 -0800
Processing by PostsController#create as HTML
  Parameters: {"authenticity_token"=>"mJSQ/pdBCMQTJpXGamH2H081ibEprFah3s210WdoVsDWlQQK/ESYb8A2bTNYUAWYy4sbL9p8YNA+TQgIzcH9Gg==", "post"=>{"title"=>"Yummy yummy in tummy", "url"=>"google.com", "content"=>"very yummy", "sub_ids"=>["", "1", "2", "3", "4"]}}
  [1m[36mUser Load (0.3ms)[0m  [1m[34mSELECT "users".* FROM "users" WHERE "users"."session_token" = $1 LIMIT $2[0m  [["session_token", "uT5cAf_7KEPxye2zuzKMzA"], ["LIMIT", 1]]
  ↳ app/controllers/application_controller.rb:6:in `current_user'
  [1m[36mSub Load (0.4ms)[0m  [1m[34mSELECT "subs".* FROM "subs" WHERE "subs"."id" IN ($1, $2, $3, $4)[0m  [["id", 1], ["id", 2], ["id", 3], ["id", 4]]
  ↳ app/controllers/posts_controller.rb:10:in `create'
  [1m[35m (0.2ms)[0m  [1m[35mBEGIN[0m
  ↳ app/controllers/posts_controller.rb:13:in `create'
  [1m[36mUser Load (0.2ms)[0m  [1m[34mSELECT "users".* FROM "users" WHERE "users"."id" = $1 LIMIT $2[0m  [["id", 6], ["LIMIT", 1]]
  ↳ app/controllers/posts_controller.rb:13:in `create'
  [1m[36mUser Load (0.3ms)[0m  [1m[34mSELECT "users".* FROM "users" WHERE "users"."id" = $1 LIMIT $2[0m  [["id", 3], ["LIMIT", 1]]
  ↳ app/controllers/posts_controller.rb:13:in `create'
  [1m[36mUser Load (0.2ms)[0m  [1m[34mSELECT "users".* FROM "users" WHERE "users"."id" = $1 LIMIT $2[0m  [["id", 4], ["LIMIT", 1]]
  ↳ app/controllers/posts_controller.rb:13:in `create'
  [1m[36mUser Load (0.2ms)[0m  [1m[34mSELECT "users".* FROM "users" WHERE "users"."id" = $1 LIMIT $2[0m  [["id", 5], ["LIMIT", 1]]
  ↳ app/controllers/posts_controller.rb:13:in `create'
  [1m[36mCACHE User Load (0.0ms)[0m  [1m[34mSELECT "users".* FROM "users" WHERE "users"."id" = $1 LIMIT $2[0m  [["id", 6], ["LIMIT", 1]]
  ↳ app/controllers/posts_controller.rb:13:in `create'
  [1m[36mPost Create (0.4ms)[0m  [1m[32mINSERT INTO "posts" ("title", "url", "content", "created_at", "updated_at", "author_id") VALUES ($1, $2, $3, $4, $5, $6) RETURNING "id"[0m  [["title", "Yummy yummy in tummy"], ["url", "google.com"], ["content", "very yummy"], ["created_at", "2020-11-10 02:57:17.185509"], ["updated_at", "2020-11-10 02:57:17.185509"], ["author_id", 6]]
  ↳ app/controllers/posts_controller.rb:13:in `create'
  [1m[36mPostSub Create (0.3ms)[0m  [1m[32mINSERT INTO "post_subs" ("post_id", "sub_id", "created_at", "updated_at") VALUES ($1, $2, $3, $4) RETURNING "id"[0m  [["post_id", 1], ["sub_id", 1], ["created_at", "2020-11-10 02:57:17.187575"], ["updated_at", "2020-11-10 02:57:17.187575"]]
  ↳ app/controllers/posts_controller.rb:13:in `create'
  [1m[36mPostSub Create (0.3ms)[0m  [1m[32mINSERT INTO "post_subs" ("post_id", "sub_id", "created_at", "updated_at") VALUES ($1, $2, $3, $4) RETURNING "id"[0m  [["post_id", 1], ["sub_id", 2], ["created_at", "2020-11-10 02:57:17.189475"], ["updated_at", "2020-11-10 02:57:17.189475"]]
  ↳ app/controllers/posts_controller.rb:13:in `create'
  [1m[36mPostSub Create (0.2ms)[0m  [1m[32mINSERT INTO "post_subs" ("post_id", "sub_id", "created_at", "updated_at") VALUES ($1, $2, $3, $4) RETURNING "id"[0m  [["post_id", 1], ["sub_id", 3], ["created_at", "2020-11-10 02:57:17.191473"], ["updated_at", "2020-11-10 02:57:17.191473"]]
  ↳ app/controllers/posts_controller.rb:13:in `create'
  [1m[36mPostSub Create (0.2ms)[0m  [1m[32mINSERT INTO "post_subs" ("post_id", "sub_id", "created_at", "updated_at") VALUES ($1, $2, $3, $4) RETURNING "id"[0m  [["post_id", 1], ["sub_id", 4], ["created_at", "2020-11-10 02:57:17.193082"], ["updated_at", "2020-11-10 02:57:17.193082"]]
  ↳ app/controllers/posts_controller.rb:13:in `create'
  [1m[35m (0.8ms)[0m  [1m[35mCOMMIT[0m
  ↳ app/controllers/posts_controller.rb:13:in `create'
Redirected to http://localhost:3000/posts/1
Completed 302 Found in 36ms (ActiveRecord: 4.8ms | Allocations: 26153)


Started GET "/posts/1" for ::1 at 2020-11-09 18:57:17 -0800
Processing by PostsController#show as HTML
  Parameters: {"id"=>"1"}
  [1m[36mPost Load (0.2ms)[0m  [1m[34mSELECT "posts".* FROM "posts" WHERE "posts"."id" = $1 LIMIT $2[0m  [["id", 1], ["LIMIT", 1]]
  ↳ app/controllers/posts_controller.rb:41:in `show'
  Rendering posts/show.html.erb within layouts/application
  [1m[36mSub Load (0.3ms)[0m  [1m[34mSELECT "subs".* FROM "subs" INNER JOIN "post_subs" ON "subs"."id" = "post_subs"."sub_id" WHERE "post_subs"."post_id" = $1[0m  [["post_id", 1]]
  ↳ app/views/posts/show.html.erb:13
  [1m[36mUser Load (0.1ms)[0m  [1m[34mSELECT "users".* FROM "users" WHERE "users"."id" = $1 LIMIT $2[0m  [["id", 6], ["LIMIT", 1]]
  ↳ app/views/posts/show.html.erb:20
  [1m[36mUser Load (0.2ms)[0m  [1m[34mSELECT "users".* FROM "users" WHERE "users"."session_token" = $1 LIMIT $2[0m  [["session_token", "uT5cAf_7KEPxye2zuzKMzA"], ["LIMIT", 1]]
  ↳ app/controllers/application_controller.rb:6:in `current_user'
  [1m[36mComment Load (0.3ms)[0m  [1m[34mSELECT "comments".* FROM "comments" WHERE "comments"."post_id" = $1[0m  [["post_id", 1]]
  ↳ app/views/posts/show.html.erb:28
  Rendered posts/show.html.erb within layouts/application (Duration: 22.8ms | Allocations: 7991)
[Webpacker] Everything's up-to-date. Nothing to do
Completed 200 OK in 169ms (Views: 165.7ms | ActiveRecord: 2.0ms | Allocations: 13649)


Started GET "/subs/1" for ::1 at 2020-11-09 18:57:35 -0800
Processing by SubsController#show as HTML
  Parameters: {"id"=>"1"}
  [1m[36mSub Load (0.3ms)[0m  [1m[34mSELECT "subs".* FROM "subs" WHERE "subs"."id" = $1 LIMIT $2[0m  [["id", 1], ["LIMIT", 1]]
  ↳ app/controllers/subs_controller.rb:32:in `show'
  Rendering subs/show.html.erb within layouts/application
  [1m[36mUser Load (0.2ms)[0m  [1m[34mSELECT "users".* FROM "users" WHERE "users"."session_token" = $1 LIMIT $2[0m  [["session_token", "uT5cAf_7KEPxye2zuzKMzA"], ["LIMIT", 1]]
  ↳ app/controllers/application_controller.rb:6:in `current_user'
  [1m[36mUser Load (0.1ms)[0m  [1m[34mSELECT "users".* FROM "users" WHERE "users"."id" = $1 LIMIT $2[0m  [["id", 3], ["LIMIT", 1]]
  ↳ app/views/subs/show.html.erb:12
  [1m[36mPost Load (0.3ms)[0m  [1m[34mSELECT "posts".* FROM "posts" INNER JOIN "post_subs" ON "posts"."id" = "post_subs"."post_id" WHERE "post_subs"."sub_id" = $1[0m  [["sub_id", 1]]
  ↳ app/views/subs/show.html.erb:18
  Rendered subs/show.html.erb within layouts/application (Duration: 4.4ms | Allocations: 2580)
[Webpacker] Everything's up-to-date. Nothing to do
Completed 200 OK in 160ms (Views: 157.6ms | ActiveRecord: 0.9ms | Allocations: 8063)


Started GET "/subs" for ::1 at 2020-11-09 18:57:44 -0800
Processing by SubsController#index as HTML
  Rendering subs/index.html.erb within layouts/application
  [1m[36mUser Load (0.2ms)[0m  [1m[34mSELECT "users".* FROM "users" WHERE "users"."session_token" = $1 LIMIT $2[0m  [["session_token", "uT5cAf_7KEPxye2zuzKMzA"], ["LIMIT", 1]]
  ↳ app/controllers/application_controller.rb:6:in `current_user'
  [1m[36mSub Load (0.2ms)[0m  [1m[34mSELECT "subs".* FROM "subs"[0m
  ↳ app/views/subs/index.html.erb:17
  Rendered subs/index.html.erb within layouts/application (Duration: 2.8ms | Allocations: 1566)
[Webpacker] Everything's up-to-date. Nothing to do
Completed 200 OK in 148ms (Views: 147.0ms | ActiveRecord: 0.4ms | Allocations: 6458)


Started GET "/subs/2" for ::1 at 2020-11-09 18:57:46 -0800
Processing by SubsController#show as HTML
  Parameters: {"id"=>"2"}
  [1m[36mSub Load (0.3ms)[0m  [1m[34mSELECT "subs".* FROM "subs" WHERE "subs"."id" = $1 LIMIT $2[0m  [["id", 2], ["LIMIT", 1]]
  ↳ app/controllers/subs_controller.rb:32:in `show'
  Rendering subs/show.html.erb within layouts/application
  [1m[36mUser Load (0.1ms)[0m  [1m[34mSELECT "users".* FROM "users" WHERE "users"."session_token" = $1 LIMIT $2[0m  [["session_token", "uT5cAf_7KEPxye2zuzKMzA"], ["LIMIT", 1]]
  ↳ app/controllers/application_controller.rb:6:in `current_user'
  [1m[36mUser Load (0.2ms)[0m  [1m[34mSELECT "users".* FROM "users" WHERE "users"."id" = $1 LIMIT $2[0m  [["id", 4], ["LIMIT", 1]]
  ↳ app/views/subs/show.html.erb:12
  [1m[36mPost Load (0.3ms)[0m  [1m[34mSELECT "posts".* FROM "posts" INNER JOIN "post_subs" ON "posts"."id" = "post_subs"."post_id" WHERE "post_subs"."sub_id" = $1[0m  [["sub_id", 2]]
  ↳ app/views/subs/show.html.erb:18
  Rendered subs/show.html.erb within layouts/application (Duration: 3.9ms | Allocations: 2572)
[Webpacker] Everything's up-to-date. Nothing to do
Completed 200 OK in 136ms (Views: 134.2ms | ActiveRecord: 0.8ms | Allocations: 8051)


Started GET "/posts/1" for ::1 at 2020-11-09 18:57:50 -0800
Processing by PostsController#show as HTML
  Parameters: {"id"=>"1"}
  [1m[36mPost Load (0.2ms)[0m  [1m[34mSELECT "posts".* FROM "posts" WHERE "posts"."id" = $1 LIMIT $2[0m  [["id", 1], ["LIMIT", 1]]
  ↳ app/controllers/posts_controller.rb:41:in `show'
  Rendering posts/show.html.erb within layouts/application
  [1m[36mSub Load (0.7ms)[0m  [1m[34mSELECT "subs".* FROM "subs" INNER JOIN "post_subs" ON "subs"."id" = "post_subs"."sub_id" WHERE "post_subs"."post_id" = $1[0m  [["post_id", 1]]
  ↳ app/views/posts/show.html.erb:13
  [1m[36mUser Load (0.2ms)[0m  [1m[34mSELECT "users".* FROM "users" WHERE "users"."id" = $1 LIMIT $2[0m  [["id", 6], ["LIMIT", 1]]
  ↳ app/views/posts/show.html.erb:20
  [1m[36mUser Load (0.2ms)[0m  [1m[34mSELECT "users".* FROM "users" WHERE "users"."session_token" = $1 LIMIT $2[0m  [["session_token", "uT5cAf_7KEPxye2zuzKMzA"], ["LIMIT", 1]]
  ↳ app/controllers/application_controller.rb:6:in `current_user'
  [1m[36mComment Load (0.2ms)[0m  [1m[34mSELECT "comments".* FROM "comments" WHERE "comments"."post_id" = $1[0m  [["post_id", 1]]
  ↳ app/views/posts/show.html.erb:28
  Rendered posts/show.html.erb within layouts/application (Duration: 6.6ms | Allocations: 3519)
[Webpacker] Everything's up-to-date. Nothing to do
Completed 200 OK in 148ms (Views: 145.3ms | ActiveRecord: 1.6ms | Allocations: 8999)


Started GET "/posts/1/comments/new" for ::1 at 2020-11-09 18:57:52 -0800
Processing by CommentsController#new as HTML
  Parameters: {"post_id"=>"1"}
  Rendering comments/new.html.erb within layouts/application
  [1m[36mUser Load (0.2ms)[0m  [1m[34mSELECT "users".* FROM "users" WHERE "users"."session_token" = $1 LIMIT $2[0m  [["session_token", "uT5cAf_7KEPxye2zuzKMzA"], ["LIMIT", 1]]
  ↳ app/controllers/application_controller.rb:6:in `current_user'
  Rendered comments/new.html.erb within layouts/application (Duration: 3.6ms | Allocations: 884)
[Webpacker] Everything's up-to-date. Nothing to do
Completed 200 OK in 144ms (Views: 138.6ms | ActiveRecord: 1.2ms | Allocations: 10940)


Started POST "/comments" for ::1 at 2020-11-09 18:57:58 -0800
Processing by CommentsController#create as HTML
  Parameters: {"authenticity_token"=>"n221gYfuwFbWzRVBx9tMlmhKjyI95TA4RqOKv7jzVe/RbCF17OtQ/QXd7bT16r8R7PQdvM41BkmmIzdmElr+NQ==", "comment"=>{"content"=>"fuck this website", "post_id"=>"1", "author_id"=>"6"}}
  [1m[35m (0.1ms)[0m  [1m[35mBEGIN[0m
  ↳ app/controllers/comments_controller.rb:9:in `create'
  [1m[36mUser Load (0.1ms)[0m  [1m[34mSELECT "users".* FROM "users" WHERE "users"."id" = $1 LIMIT $2[0m  [["id", 6], ["LIMIT", 1]]
  ↳ app/controllers/comments_controller.rb:9:in `create'
  [1m[36mPost Load (0.2ms)[0m  [1m[34mSELECT "posts".* FROM "posts" WHERE "posts"."id" = $1 LIMIT $2[0m  [["id", 1], ["LIMIT", 1]]
  ↳ app/controllers/comments_controller.rb:9:in `create'
  [1m[35m (0.2ms)[0m  [1m[31mROLLBACK[0m
  ↳ app/controllers/comments_controller.rb:9:in `create'
  Rendering comments/new.html.erb within layouts/application
  [1m[36mUser Load (0.2ms)[0m  [1m[34mSELECT "users".* FROM "users" WHERE "users"."session_token" = $1 LIMIT $2[0m  [["session_token", "uT5cAf_7KEPxye2zuzKMzA"], ["LIMIT", 1]]
  ↳ app/controllers/application_controller.rb:6:in `current_user'
  Rendered comments/new.html.erb within layouts/application (Duration: 1.1ms | Allocations: 703)
[Webpacker] Everything's up-to-date. Nothing to do
Completed 200 OK in 257ms (Views: 140.5ms | ActiveRecord: 0.8ms | Allocations: 17411)


Started GET "/posts/1" for ::1 at 2020-11-09 18:58:12 -0800
Processing by PostsController#show as HTML
  Parameters: {"id"=>"1"}
  [1m[36mPost Load (0.3ms)[0m  [1m[34mSELECT "posts".* FROM "posts" WHERE "posts"."id" = $1 LIMIT $2[0m  [["id", 1], ["LIMIT", 1]]
  ↳ app/controllers/posts_controller.rb:41:in `show'
  Rendering posts/show.html.erb within layouts/application
  [1m[36mSub Load (0.3ms)[0m  [1m[34mSELECT "subs".* FROM "subs" INNER JOIN "post_subs" ON "subs"."id" = "post_subs"."sub_id" WHERE "post_subs"."post_id" = $1[0m  [["post_id", 1]]
  ↳ app/views/posts/show.html.erb:13
  [1m[36mUser Load (0.2ms)[0m  [1m[34mSELECT "users".* FROM "users" WHERE "users"."id" = $1 LIMIT $2[0m  [["id", 6], ["LIMIT", 1]]
  ↳ app/views/posts/show.html.erb:20
  [1m[36mUser Load (0.2ms)[0m  [1m[34mSELECT "users".* FROM "users" WHERE "users"."session_token" = $1 LIMIT $2[0m  [["session_token", "uT5cAf_7KEPxye2zuzKMzA"], ["LIMIT", 1]]
  ↳ app/controllers/application_controller.rb:6:in `current_user'
  [1m[36mComment Load (0.2ms)[0m  [1m[34mSELECT "comments".* FROM "comments" WHERE "comments"."post_id" = $1[0m  [["post_id", 1]]
  ↳ app/views/posts/show.html.erb:28
  Rendered posts/show.html.erb within layouts/application (Duration: 5.9ms | Allocations: 3527)
[Webpacker] Everything's up-to-date. Nothing to do
Completed 200 OK in 148ms (Views: 145.3ms | ActiveRecord: 1.2ms | Allocations: 9016)


Started GET "/subs" for ::1 at 2020-11-09 18:58:23 -0800
Processing by SubsController#index as HTML
  Rendering subs/index.html.erb within layouts/application
  [1m[36mUser Load (0.2ms)[0m  [1m[34mSELECT "users".* FROM "users" WHERE "users"."session_token" = $1 LIMIT $2[0m  [["session_token", "uT5cAf_7KEPxye2zuzKMzA"], ["LIMIT", 1]]
  ↳ app/controllers/application_controller.rb:6:in `current_user'
  [1m[36mSub Load (0.2ms)[0m  [1m[34mSELECT "subs".* FROM "subs"[0m
  ↳ app/views/subs/index.html.erb:17
  Rendered subs/index.html.erb within layouts/application (Duration: 2.5ms | Allocations: 1572)
[Webpacker] Everything's up-to-date. Nothing to do
Completed 200 OK in 137ms (Views: 135.9ms | ActiveRecord: 0.4ms | Allocations: 6471)


Started GET "/posts/1/comments/new" for ::1 at 2020-11-09 18:58:27 -0800
Processing by CommentsController#new as HTML
  Parameters: {"post_id"=>"1"}
  Rendering comments/new.html.erb within layouts/application
  [1m[36mUser Load (0.2ms)[0m  [1m[34mSELECT "users".* FROM "users" WHERE "users"."session_token" = $1 LIMIT $2[0m  [["session_token", "uT5cAf_7KEPxye2zuzKMzA"], ["LIMIT", 1]]
  ↳ app/controllers/application_controller.rb:6:in `current_user'
  Rendered comments/new.html.erb within layouts/application (Duration: 1.2ms | Allocations: 715)
[Webpacker] Everything's up-to-date. Nothing to do
Completed 200 OK in 138ms (Views: 137.1ms | ActiveRecord: 0.2ms | Allocations: 5610)


Started GET "/posts/1/edit" for ::1 at 2020-11-09 18:58:51 -0800
Processing by PostsController#edit as HTML
  Parameters: {"id"=>"1"}
  [1m[36mUser Load (0.2ms)[0m  [1m[34mSELECT "users".* FROM "users" WHERE "users"."session_token" = $1 LIMIT $2[0m  [["session_token", "uT5cAf_7KEPxye2zuzKMzA"], ["LIMIT", 1]]
  ↳ app/controllers/application_controller.rb:6:in `current_user'
  [1m[36mPost Load (0.2ms)[0m  [1m[34mSELECT "posts".* FROM "posts" WHERE "posts"."id" = $1 LIMIT $2[0m  [["id", 1], ["LIMIT", 1]]
  ↳ app/controllers/posts_controller.rb:22:in `edit'
  [1m[36mUser Load (0.1ms)[0m  [1m[34mSELECT "users".* FROM "users" WHERE "users"."id" = $1 LIMIT $2[0m  [["id", 6], ["LIMIT", 1]]
  ↳ app/controllers/posts_controller.rb:23:in `edit'
  Rendering posts/edit.html.erb within layouts/application
  [1m[36mSub Load (0.3ms)[0m  [1m[34mSELECT "subs".* FROM "subs"[0m
  ↳ app/views/posts/edit.html.erb:21
  [1m[35m (0.2ms)[0m  [1m[34mSELECT "subs"."id" FROM "subs" INNER JOIN "post_subs" ON "subs"."id" = "post_subs"."sub_id" WHERE "post_subs"."post_id" = $1[0m  [["post_id", 1]]
  ↳ app/views/posts/edit.html.erb:27
  Rendered posts/edit.html.erb within layouts/application (Duration: 5.7ms | Allocations: 2052)
[Webpacker] Everything's up-to-date. Nothing to do
Completed 200 OK in 146ms (Views: 141.9ms | ActiveRecord: 1.0ms | Allocations: 9186)


Started GET "/subs/2" for ::1 at 2020-11-09 18:58:55 -0800
Processing by SubsController#show as HTML
  Parameters: {"id"=>"2"}
  [1m[36mSub Load (0.2ms)[0m  [1m[34mSELECT "subs".* FROM "subs" WHERE "subs"."id" = $1 LIMIT $2[0m  [["id", 2], ["LIMIT", 1]]
  ↳ app/controllers/subs_controller.rb:32:in `show'
  Rendering subs/show.html.erb within layouts/application
  [1m[36mUser Load (0.2ms)[0m  [1m[34mSELECT "users".* FROM "users" WHERE "users"."session_token" = $1 LIMIT $2[0m  [["session_token", "uT5cAf_7KEPxye2zuzKMzA"], ["LIMIT", 1]]
  ↳ app/controllers/application_controller.rb:6:in `current_user'
  [1m[36mUser Load (0.2ms)[0m  [1m[34mSELECT "users".* FROM "users" WHERE "users"."id" = $1 LIMIT $2[0m  [["id", 4], ["LIMIT", 1]]
  ↳ app/views/subs/show.html.erb:12
  [1m[36mPost Load (0.3ms)[0m  [1m[34mSELECT "posts".* FROM "posts" INNER JOIN "post_subs" ON "posts"."id" = "post_subs"."post_id" WHERE "post_subs"."sub_id" = $1[0m  [["sub_id", 2]]
  ↳ app/views/subs/show.html.erb:18
  Rendered subs/show.html.erb within layouts/application (Duration: 4.7ms | Allocations: 2580)
[Webpacker] Everything's up-to-date. Nothing to do
Completed 200 OK in 156ms (Views: 154.2ms | ActiveRecord: 0.8ms | Allocations: 8070)


Started GET "/subs/1" for ::1 at 2020-11-09 18:59:00 -0800
Processing by SubsController#show as HTML
  Parameters: {"id"=>"1"}
  [1m[36mSub Load (0.3ms)[0m  [1m[34mSELECT "subs".* FROM "subs" WHERE "subs"."id" = $1 LIMIT $2[0m  [["id", 1], ["LIMIT", 1]]
  ↳ app/controllers/subs_controller.rb:32:in `show'
  Rendering subs/show.html.erb within layouts/application
  [1m[36mUser Load (0.2ms)[0m  [1m[34mSELECT "users".* FROM "users" WHERE "users"."session_token" = $1 LIMIT $2[0m  [["session_token", "uT5cAf_7KEPxye2zuzKMzA"], ["LIMIT", 1]]
  ↳ app/controllers/application_controller.rb:6:in `current_user'
  [1m[36mUser Load (0.3ms)[0m  [1m[34mSELECT "users".* FROM "users" WHERE "users"."id" = $1 LIMIT $2[0m  [["id", 3], ["LIMIT", 1]]
  ↳ app/views/subs/show.html.erb:12
  [1m[36mPost Load (0.3ms)[0m  [1m[34mSELECT "posts".* FROM "posts" INNER JOIN "post_subs" ON "posts"."id" = "post_subs"."post_id" WHERE "post_subs"."sub_id" = $1[0m  [["sub_id", 1]]
  ↳ app/views/subs/show.html.erb:18
  Rendered subs/show.html.erb within layouts/application (Duration: 5.9ms | Allocations: 2572)
[Webpacker] Everything's up-to-date. Nothing to do
Completed 200 OK in 158ms (Views: 155.2ms | ActiveRecord: 1.1ms | Allocations: 8062)


DEPRECATION WARNING: Using `bin/rake routes` is deprecated and will be removed in Rails 6.1. Use `bin/rails routes` instead.
 (called from load at /home/swonggzz/.rbenv/versions/2.5.1/bin/rake:23)
DEPRECATION WARNING: Using `bin/rake routes` is deprecated and will be removed in Rails 6.1. Use `bin/rails routes` instead.
 (called from load at /home/swonggzz/.rbenv/versions/2.5.1/bin/rake:23)
